2025-03-28T00:03:18.513+02:00  INFO 18640 --- [Prolific] [main] o.n.prolific.ProlificApplication         : Starting ProlificApplication using Java 23.0.2 with PID 18640 (C:\Users\User\Desktop\FIIT\domace ulohy sem 6\pidorava\Prolific\build\classes\java\main started by User in C:\Users\User\Desktop\FIIT\domace ulohy sem 6\pidorava\Prolific)
2025-03-28T00:03:18.519+02:00  INFO 18640 --- [Prolific] [main] o.n.prolific.ProlificApplication         : No active profile set, falling back to 1 default profile: "default"
2025-03-28T00:03:20.778+02:00  WARN 18640 --- [Prolific] [main] s.c.a.AnnotationConfigApplicationContext : Exception encountered during context initialization - cancelling refresh attempt: org.springframework.beans.factory.UnsatisfiedDependencyException: Error creating bean with name 'javaFXApplication' defined in file [C:\Users\User\Desktop\FIIT\domace ulohy sem 6\pidorava\Prolific\build\classes\java\main\org\nevertouchgrass\prolific\JavaFXApplication.class]: Unsatisfied dependency expressed through constructor parameter 1: Error creating bean with name 'mainScreenParent': Instantiation of supplied bean failed
2025-03-28T00:03:20.797+02:00  INFO 18640 --- [Prolific] [main] .s.b.a.l.ConditionEvaluationReportLogger : 

Error starting ApplicationContext. To display the condition evaluation report re-run your application with 'debug' enabled.
2025-03-28T00:03:20.823+02:00 ERROR 18640 --- [Prolific] [main] o.s.b.d.LoggingFailureAnalysisReporter   : 

***************************
APPLICATION FAILED TO START
***************************

Description:

The dependencies of some of the beans in the application context form a cycle:

   javaFXApplication defined in file [C:\Users\User\Desktop\FIIT\domace ulohy sem 6\pidorava\Prolific\build\classes\java\main\org\nevertouchgrass\prolific\JavaFXApplication.class]
      ↓
   mainScreenParent
      ↓
   headerController
      ↓
   settingsPopup defined in class path resource [org/nevertouchgrass/prolific/components/SettingsPopupConfiguration.class]
┌─────┐
|  settingsDropdownController (field private org.nevertouchgrass.prolific.licensing.LicenseActivationWindow org.nevertouchgrass.prolific.javafxcontroller.SettingsDropdownController.licenseActivationWindow)
↑     ↓
|  licenseActivationWindow defined in file [C:\Users\User\Desktop\FIIT\domace ulohy sem 6\pidorava\Prolific\build\classes\java\main\org\nevertouchgrass\prolific\licensing\LicenseActivationWindow.class]
└─────┘


Action:

Relying upon circular references is discouraged and they are prohibited by default. Update your application to remove the dependency cycle between beans. As a last resort, it may be possible to break the cycle automatically by setting spring.main.allow-circular-references to true.

2025-03-28T00:05:17.907+02:00  INFO 19440 --- [Prolific] [main] o.n.prolific.ProlificApplication         : Starting ProlificApplication using Java 23.0.2 with PID 19440 (C:\Users\User\Desktop\FIIT\domace ulohy sem 6\pidorava\Prolific\build\classes\java\main started by User in C:\Users\User\Desktop\FIIT\domace ulohy sem 6\pidorava\Prolific)
2025-03-28T00:05:17.910+02:00  INFO 19440 --- [Prolific] [main] o.n.prolific.ProlificApplication         : No active profile set, falling back to 1 default profile: "default"
2025-03-28T00:05:20.362+02:00  WARN 19440 --- [Prolific] [main] s.c.a.AnnotationConfigApplicationContext : Exception encountered during context initialization - cancelling refresh attempt: org.springframework.beans.factory.UnsatisfiedDependencyException: Error creating bean with name 'javaFXApplication' defined in file [C:\Users\User\Desktop\FIIT\domace ulohy sem 6\pidorava\Prolific\build\classes\java\main\org\nevertouchgrass\prolific\JavaFXApplication.class]: Unsatisfied dependency expressed through constructor parameter 1: Error creating bean with name 'mainScreenParent': Instantiation of supplied bean failed
2025-03-28T00:05:20.371+02:00  INFO 19440 --- [Prolific] [main] .s.b.a.l.ConditionEvaluationReportLogger : 

Error starting ApplicationContext. To display the condition evaluation report re-run your application with 'debug' enabled.
2025-03-28T00:05:20.396+02:00 ERROR 19440 --- [Prolific] [main] o.s.b.d.LoggingFailureAnalysisReporter   : 

***************************
APPLICATION FAILED TO START
***************************

Description:

The dependencies of some of the beans in the application context form a cycle:

   javaFXApplication defined in file [C:\Users\User\Desktop\FIIT\domace ulohy sem 6\pidorava\Prolific\build\classes\java\main\org\nevertouchgrass\prolific\JavaFXApplication.class]
      ↓
   mainScreenParent
      ↓
   headerController
      ↓
   settingsPopup defined in class path resource [org/nevertouchgrass/prolific/components/SettingsPopupConfiguration.class]
┌─────┐
|  settingsDropdownController (field private org.nevertouchgrass.prolific.licensing.LicenseActivationWindow org.nevertouchgrass.prolific.javafxcontroller.SettingsDropdownController.licenseActivationWindow)
↑     ↓
|  licenseActivationWindow defined in file [C:\Users\User\Desktop\FIIT\domace ulohy sem 6\pidorava\Prolific\build\classes\java\main\org\nevertouchgrass\prolific\licensing\LicenseActivationWindow.class]
└─────┘


Action:

Relying upon circular references is discouraged and they are prohibited by default. Update your application to remove the dependency cycle between beans. As a last resort, it may be possible to break the cycle automatically by setting spring.main.allow-circular-references to true.

2025-03-28T00:13:08.637+02:00  INFO 9860 --- [Prolific] [main] o.n.prolific.ProlificApplication         : Starting ProlificApplication using Java 23.0.2 with PID 9860 (C:\Users\User\Desktop\FIIT\domace ulohy sem 6\pidorava\Prolific\build\classes\java\main started by User in C:\Users\User\Desktop\FIIT\domace ulohy sem 6\pidorava\Prolific)
2025-03-28T00:13:08.639+02:00  INFO 9860 --- [Prolific] [main] o.n.prolific.ProlificApplication         : No active profile set, falling back to 1 default profile: "default"
2025-03-28T00:13:11.355+02:00  INFO 9860 --- [Prolific] [main] o.n.p.service.UserSettingsService        : Loaded settings: UserSettingsHolder(baseScanDirectory=C:\Users\User, lastScanDate=2025-03-27T15:41:37, rescanEveryHours=24, userProjects=[], maximumProjectDepth=6, excludedDirs=[OneDrive, AppData, miniconda3, cargo, .*])
2025-03-28T00:13:11.357+02:00  INFO 9860 --- [Prolific] [main] o.n.p.service.UserSettingsService        : Using settings: UserSettingsHolder(baseScanDirectory=C:\Users\User, lastScanDate=2025-03-27T15:41:37, rescanEveryHours=24, userProjects=[], maximumProjectDepth=6, excludedDirs=[OneDrive, AppData, miniconda3, cargo, .*])
2025-03-28T00:13:11.439+02:00  INFO 9860 --- [Prolific] [main] com.zaxxer.hikari.HikariDataSource       : HikariPool-1 - Starting...
2025-03-28T00:13:11.627+02:00  INFO 9860 --- [Prolific] [main] com.zaxxer.hikari.pool.HikariPool        : HikariPool-1 - Added connection org.sqlite.jdbc4.JDBC4Connection@21390938
2025-03-28T00:13:11.630+02:00  INFO 9860 --- [Prolific] [main] com.zaxxer.hikari.HikariDataSource       : HikariPool-1 - Start completed.
2025-03-28T00:13:11.753+02:00  INFO 9860 --- [Prolific] [main] .r.BasicRepositoryImplementationProvider : Executing query: SELECT id,title,type,path,is_manually_added,is_starred FROM projects
2025-03-28T00:13:11.765+02:00  INFO 9860 --- [Prolific] [main] .r.BasicRepositoryImplementationProvider : Found: Project(id=3, title=pidorava, type=Gradle, path=C:\Users\User\Desktop\FIIT\domace ulohy sem 6\pidorava, isManuallyAdded=true, isStarred=false)
2025-03-28T00:13:11.766+02:00  INFO 9860 --- [Prolific] [main] .r.BasicRepositoryImplementationProvider : Found: Project(id=6, title=cvic1, type=Eclipse, path=C:\Users\User\eclipse-workspace\cvic1, isManuallyAdded=false, isStarred=false)
2025-03-28T00:13:11.766+02:00  INFO 9860 --- [Prolific] [main] .r.BasicRepositoryImplementationProvider : Found 2 projects
2025-03-28T00:13:12.850+02:00  INFO 9860 --- [Prolific] [main] o.n.prolific.ProlificApplication         : Started ProlificApplication in 5.242 seconds (process running for 6.033)
2025-03-28T00:13:13.278+02:00  INFO 9860 --- [Prolific] [Thread-3] o.n.p.service.PeriodicalScanningService  : Last scan date: 2025-03-27T15:41:37
2025-03-28T00:13:13.346+02:00 ERROR 9860 --- [Prolific] [JavaFX Application Thread] o.n.p.s.c.i.ConfigImporterStrategy       : No importer found for project cvic1
2025-03-28T00:16:50.200+02:00  INFO 9860 --- [Prolific] [SpringApplicationShutdownHook] com.zaxxer.hikari.HikariDataSource       : HikariPool-1 - Shutdown initiated...
2025-03-28T00:16:50.204+02:00  INFO 9860 --- [Prolific] [SpringApplicationShutdownHook] com.zaxxer.hikari.HikariDataSource       : HikariPool-1 - Shutdown completed.
2025-03-28T00:16:55.616+02:00  INFO 15560 --- [Prolific] [main] o.n.prolific.ProlificApplication         : Starting ProlificApplication using Java 23.0.2 with PID 15560 (C:\Users\User\Desktop\FIIT\domace ulohy sem 6\pidorava\Prolific\build\classes\java\main started by User in C:\Users\User\Desktop\FIIT\domace ulohy sem 6\pidorava\Prolific)
2025-03-28T00:16:55.618+02:00  INFO 15560 --- [Prolific] [main] o.n.prolific.ProlificApplication         : No active profile set, falling back to 1 default profile: "default"
2025-03-28T00:16:58.231+02:00  INFO 15560 --- [Prolific] [main] o.n.p.service.UserSettingsService        : Loaded settings: UserSettingsHolder(baseScanDirectory=C:\Users\User, lastScanDate=2025-03-27T15:41:37, rescanEveryHours=24, userProjects=[], maximumProjectDepth=6, excludedDirs=[OneDrive, AppData, miniconda3, cargo, .*])
2025-03-28T00:16:58.233+02:00  INFO 15560 --- [Prolific] [main] o.n.p.service.UserSettingsService        : Using settings: UserSettingsHolder(baseScanDirectory=C:\Users\User, lastScanDate=2025-03-27T15:41:37, rescanEveryHours=24, userProjects=[], maximumProjectDepth=6, excludedDirs=[OneDrive, AppData, miniconda3, cargo, .*])
2025-03-28T00:16:58.310+02:00  INFO 15560 --- [Prolific] [main] com.zaxxer.hikari.HikariDataSource       : HikariPool-1 - Starting...
2025-03-28T00:16:58.495+02:00  INFO 15560 --- [Prolific] [main] com.zaxxer.hikari.pool.HikariPool        : HikariPool-1 - Added connection org.sqlite.jdbc4.JDBC4Connection@26d5a317
2025-03-28T00:16:58.498+02:00  INFO 15560 --- [Prolific] [main] com.zaxxer.hikari.HikariDataSource       : HikariPool-1 - Start completed.
2025-03-28T00:16:58.616+02:00  INFO 15560 --- [Prolific] [main] .r.BasicRepositoryImplementationProvider : Executing query: SELECT id,title,type,path,is_manually_added,is_starred FROM projects
2025-03-28T00:16:58.627+02:00  INFO 15560 --- [Prolific] [main] .r.BasicRepositoryImplementationProvider : Found: Project(id=3, title=pidorava, type=Gradle, path=C:\Users\User\Desktop\FIIT\domace ulohy sem 6\pidorava, isManuallyAdded=true, isStarred=false)
2025-03-28T00:16:58.627+02:00  INFO 15560 --- [Prolific] [main] .r.BasicRepositoryImplementationProvider : Found: Project(id=6, title=cvic1, type=Eclipse, path=C:\Users\User\eclipse-workspace\cvic1, isManuallyAdded=false, isStarred=false)
2025-03-28T00:16:58.627+02:00  INFO 15560 --- [Prolific] [main] .r.BasicRepositoryImplementationProvider : Found 2 projects
2025-03-28T00:16:59.722+02:00  INFO 15560 --- [Prolific] [main] o.n.prolific.ProlificApplication         : Started ProlificApplication in 5.115 seconds (process running for 5.915)
2025-03-28T00:17:00.138+02:00  INFO 15560 --- [Prolific] [Thread-3] o.n.p.service.PeriodicalScanningService  : Last scan date: 2025-03-27T15:41:37
2025-03-28T00:17:00.203+02:00 ERROR 15560 --- [Prolific] [JavaFX Application Thread] o.n.p.s.c.i.ConfigImporterStrategy       : No importer found for project cvic1
2025-03-28T00:19:10.413+02:00  INFO 15560 --- [Prolific] [SpringApplicationShutdownHook] com.zaxxer.hikari.HikariDataSource       : HikariPool-1 - Shutdown initiated...
2025-03-28T00:19:10.417+02:00  INFO 15560 --- [Prolific] [SpringApplicationShutdownHook] com.zaxxer.hikari.HikariDataSource       : HikariPool-1 - Shutdown completed.
2025-03-28T00:19:15.376+02:00  INFO 24692 --- [Prolific] [main] o.n.prolific.ProlificApplication         : Starting ProlificApplication using Java 23.0.2 with PID 24692 (C:\Users\User\Desktop\FIIT\domace ulohy sem 6\pidorava\Prolific\build\classes\java\main started by User in C:\Users\User\Desktop\FIIT\domace ulohy sem 6\pidorava\Prolific)
2025-03-28T00:19:15.379+02:00  INFO 24692 --- [Prolific] [main] o.n.prolific.ProlificApplication         : No active profile set, falling back to 1 default profile: "default"
2025-03-28T00:19:18.168+02:00  INFO 24692 --- [Prolific] [main] o.n.p.service.UserSettingsService        : Loaded settings: UserSettingsHolder(baseScanDirectory=C:\Users\User, lastScanDate=2025-03-27T15:41:37, rescanEveryHours=24, userProjects=[], maximumProjectDepth=6, excludedDirs=[OneDrive, AppData, miniconda3, cargo, .*])
2025-03-28T00:19:18.169+02:00  INFO 24692 --- [Prolific] [main] o.n.p.service.UserSettingsService        : Using settings: UserSettingsHolder(baseScanDirectory=C:\Users\User, lastScanDate=2025-03-27T15:41:37, rescanEveryHours=24, userProjects=[], maximumProjectDepth=6, excludedDirs=[OneDrive, AppData, miniconda3, cargo, .*])
2025-03-28T00:19:18.246+02:00  INFO 24692 --- [Prolific] [main] com.zaxxer.hikari.HikariDataSource       : HikariPool-1 - Starting...
2025-03-28T00:19:18.433+02:00  INFO 24692 --- [Prolific] [main] com.zaxxer.hikari.pool.HikariPool        : HikariPool-1 - Added connection org.sqlite.jdbc4.JDBC4Connection@5e5ddfbc
2025-03-28T00:19:18.436+02:00  INFO 24692 --- [Prolific] [main] com.zaxxer.hikari.HikariDataSource       : HikariPool-1 - Start completed.
2025-03-28T00:19:18.551+02:00  INFO 24692 --- [Prolific] [main] .r.BasicRepositoryImplementationProvider : Executing query: SELECT id,title,type,path,is_manually_added,is_starred FROM projects
2025-03-28T00:19:18.560+02:00  INFO 24692 --- [Prolific] [main] .r.BasicRepositoryImplementationProvider : Found: Project(id=3, title=pidorava, type=Gradle, path=C:\Users\User\Desktop\FIIT\domace ulohy sem 6\pidorava, isManuallyAdded=true, isStarred=false)
2025-03-28T00:19:18.560+02:00  INFO 24692 --- [Prolific] [main] .r.BasicRepositoryImplementationProvider : Found: Project(id=6, title=cvic1, type=Eclipse, path=C:\Users\User\eclipse-workspace\cvic1, isManuallyAdded=false, isStarred=false)
2025-03-28T00:19:18.560+02:00  INFO 24692 --- [Prolific] [main] .r.BasicRepositoryImplementationProvider : Found 2 projects
2025-03-28T00:19:19.609+02:00  INFO 24692 --- [Prolific] [main] o.n.prolific.ProlificApplication         : Started ProlificApplication in 5.271 seconds (process running for 6.015)
2025-03-28T00:19:20.007+02:00  INFO 24692 --- [Prolific] [Thread-3] o.n.p.service.PeriodicalScanningService  : Last scan date: 2025-03-27T15:41:37
2025-03-28T00:19:20.068+02:00 ERROR 24692 --- [Prolific] [JavaFX Application Thread] o.n.p.s.c.i.ConfigImporterStrategy       : No importer found for project cvic1
2025-03-28T00:20:37.415+02:00  INFO 24692 --- [Prolific] [SpringApplicationShutdownHook] com.zaxxer.hikari.HikariDataSource       : HikariPool-1 - Shutdown initiated...
2025-03-28T00:20:37.423+02:00  INFO 24692 --- [Prolific] [SpringApplicationShutdownHook] com.zaxxer.hikari.HikariDataSource       : HikariPool-1 - Shutdown completed.
2025-03-28T00:20:42.556+02:00  INFO 3536 --- [Prolific] [main] o.n.prolific.ProlificApplication         : Starting ProlificApplication using Java 23.0.2 with PID 3536 (C:\Users\User\Desktop\FIIT\domace ulohy sem 6\pidorava\Prolific\build\classes\java\main started by User in C:\Users\User\Desktop\FIIT\domace ulohy sem 6\pidorava\Prolific)
2025-03-28T00:20:42.558+02:00  INFO 3536 --- [Prolific] [main] o.n.prolific.ProlificApplication         : No active profile set, falling back to 1 default profile: "default"
2025-03-28T00:20:45.929+02:00  INFO 3536 --- [Prolific] [main] o.n.p.service.UserSettingsService        : Loaded settings: UserSettingsHolder(baseScanDirectory=C:\Users\User, lastScanDate=2025-03-27T15:41:37, rescanEveryHours=24, userProjects=[], maximumProjectDepth=6, excludedDirs=[OneDrive, AppData, miniconda3, cargo, .*])
2025-03-28T00:20:45.933+02:00  INFO 3536 --- [Prolific] [main] o.n.p.service.UserSettingsService        : Using settings: UserSettingsHolder(baseScanDirectory=C:\Users\User, lastScanDate=2025-03-27T15:41:37, rescanEveryHours=24, userProjects=[], maximumProjectDepth=6, excludedDirs=[OneDrive, AppData, miniconda3, cargo, .*])
2025-03-28T00:20:46.106+02:00  INFO 3536 --- [Prolific] [main] com.zaxxer.hikari.HikariDataSource       : HikariPool-1 - Starting...
2025-03-28T00:20:46.314+02:00  INFO 3536 --- [Prolific] [main] com.zaxxer.hikari.pool.HikariPool        : HikariPool-1 - Added connection org.sqlite.jdbc4.JDBC4Connection@2a99ca99
2025-03-28T00:20:46.317+02:00  INFO 3536 --- [Prolific] [main] com.zaxxer.hikari.HikariDataSource       : HikariPool-1 - Start completed.
2025-03-28T00:20:46.473+02:00  INFO 3536 --- [Prolific] [main] .r.BasicRepositoryImplementationProvider : Executing query: SELECT id,title,type,path,is_manually_added,is_starred FROM projects
2025-03-28T00:20:46.487+02:00  INFO 3536 --- [Prolific] [main] .r.BasicRepositoryImplementationProvider : Found: Project(id=3, title=pidorava, type=Gradle, path=C:\Users\User\Desktop\FIIT\domace ulohy sem 6\pidorava, isManuallyAdded=true, isStarred=false)
2025-03-28T00:20:46.487+02:00  INFO 3536 --- [Prolific] [main] .r.BasicRepositoryImplementationProvider : Found: Project(id=6, title=cvic1, type=Eclipse, path=C:\Users\User\eclipse-workspace\cvic1, isManuallyAdded=false, isStarred=false)
2025-03-28T00:20:46.487+02:00  INFO 3536 --- [Prolific] [main] .r.BasicRepositoryImplementationProvider : Found 2 projects
2025-03-28T00:20:47.848+02:00  INFO 3536 --- [Prolific] [main] o.n.prolific.ProlificApplication         : Started ProlificApplication in 6.489 seconds (process running for 7.974)
2025-03-28T00:20:48.287+02:00  INFO 3536 --- [Prolific] [Thread-3] o.n.p.service.PeriodicalScanningService  : Last scan date: 2025-03-27T15:41:37
2025-03-28T00:20:48.360+02:00 ERROR 3536 --- [Prolific] [JavaFX Application Thread] o.n.p.s.c.i.ConfigImporterStrategy       : No importer found for project cvic1
2025-03-28T00:21:31.528+02:00  WARN 3536 --- [Prolific] [HikariPool-1:housekeeper] com.zaxxer.hikari.pool.HikariPool        : HikariPool-1 - Thread starvation or clock leap detected (housekeeper delta=45s110ms955µs200ns).
2025-03-28T00:21:33.315+02:00  INFO 3536 --- [Prolific] [SpringApplicationShutdownHook] com.zaxxer.hikari.HikariDataSource       : HikariPool-1 - Shutdown initiated...
2025-03-28T00:21:33.325+02:00  INFO 3536 --- [Prolific] [SpringApplicationShutdownHook] com.zaxxer.hikari.HikariDataSource       : HikariPool-1 - Shutdown completed.
2025-03-28T00:21:38.680+02:00  INFO 4644 --- [Prolific] [main] o.n.prolific.ProlificApplication         : Starting ProlificApplication using Java 23.0.2 with PID 4644 (C:\Users\User\Desktop\FIIT\domace ulohy sem 6\pidorava\Prolific\build\classes\java\main started by User in C:\Users\User\Desktop\FIIT\domace ulohy sem 6\pidorava\Prolific)
2025-03-28T00:21:38.683+02:00  INFO 4644 --- [Prolific] [main] o.n.prolific.ProlificApplication         : No active profile set, falling back to 1 default profile: "default"
2025-03-28T00:21:41.328+02:00  INFO 4644 --- [Prolific] [main] o.n.p.service.UserSettingsService        : Loaded settings: UserSettingsHolder(baseScanDirectory=C:\Users\User, lastScanDate=2025-03-27T15:41:37, rescanEveryHours=24, userProjects=[], maximumProjectDepth=6, excludedDirs=[OneDrive, AppData, miniconda3, cargo, .*])
2025-03-28T00:21:41.329+02:00  INFO 4644 --- [Prolific] [main] o.n.p.service.UserSettingsService        : Using settings: UserSettingsHolder(baseScanDirectory=C:\Users\User, lastScanDate=2025-03-27T15:41:37, rescanEveryHours=24, userProjects=[], maximumProjectDepth=6, excludedDirs=[OneDrive, AppData, miniconda3, cargo, .*])
2025-03-28T00:21:41.405+02:00  INFO 4644 --- [Prolific] [main] com.zaxxer.hikari.HikariDataSource       : HikariPool-1 - Starting...
2025-03-28T00:21:41.588+02:00  INFO 4644 --- [Prolific] [main] com.zaxxer.hikari.pool.HikariPool        : HikariPool-1 - Added connection org.sqlite.jdbc4.JDBC4Connection@6839203b
2025-03-28T00:21:41.592+02:00  INFO 4644 --- [Prolific] [main] com.zaxxer.hikari.HikariDataSource       : HikariPool-1 - Start completed.
2025-03-28T00:21:41.717+02:00  INFO 4644 --- [Prolific] [main] .r.BasicRepositoryImplementationProvider : Executing query: SELECT id,title,type,path,is_manually_added,is_starred FROM projects
2025-03-28T00:21:41.727+02:00  INFO 4644 --- [Prolific] [main] .r.BasicRepositoryImplementationProvider : Found: Project(id=3, title=pidorava, type=Gradle, path=C:\Users\User\Desktop\FIIT\domace ulohy sem 6\pidorava, isManuallyAdded=true, isStarred=false)
2025-03-28T00:21:41.727+02:00  INFO 4644 --- [Prolific] [main] .r.BasicRepositoryImplementationProvider : Found: Project(id=6, title=cvic1, type=Eclipse, path=C:\Users\User\eclipse-workspace\cvic1, isManuallyAdded=false, isStarred=false)
2025-03-28T00:21:41.728+02:00  INFO 4644 --- [Prolific] [main] .r.BasicRepositoryImplementationProvider : Found 2 projects
2025-03-28T00:21:42.756+02:00  INFO 4644 --- [Prolific] [main] o.n.prolific.ProlificApplication         : Started ProlificApplication in 5.086 seconds (process running for 6.236)
2025-03-28T00:21:43.168+02:00  INFO 4644 --- [Prolific] [Thread-3] o.n.p.service.PeriodicalScanningService  : Last scan date: 2025-03-27T15:41:37
2025-03-28T00:21:43.244+02:00 ERROR 4644 --- [Prolific] [JavaFX Application Thread] o.n.p.s.c.i.ConfigImporterStrategy       : No importer found for project cvic1
2025-03-28T00:22:16.381+02:00  INFO 4644 --- [Prolific] [JavaFX Application Thread] o.n.p.javafxcontroller.HeaderController  : Closing application
2025-03-28T00:22:16.419+02:00  INFO 4644 --- [Prolific] [JavaFX Application Thread] com.zaxxer.hikari.HikariDataSource       : HikariPool-1 - Shutdown initiated...
2025-03-28T00:22:16.423+02:00  INFO 4644 --- [Prolific] [JavaFX Application Thread] com.zaxxer.hikari.HikariDataSource       : HikariPool-1 - Shutdown completed.
2025-03-28T00:22:16.426+02:00  INFO 4644 --- [Prolific] [JavaFX Application Thread] o.n.p.javafxcontroller.HeaderController  : Application closed
