2025-04-30 11:14:48 INFO  o.n.prolific.ProlificApplication - Starting ProlificApplication v1.0.1 using Java 23.0.2 with PID 23056 (C:\Users\Andrey\Рабочий стол\Prolific\build\libs\Prolific-1.0.1.jar started by Andrey in C:\Users\Andrey\Рабочий стол\Prolific)
2025-04-30 11:14:48 INFO  o.n.prolific.ProlificApplication - No active profile set, falling back to 1 default profile: "default"
2025-04-30 11:14:51 INFO  o.n.p.s.settings.UserSettingsService - Loaded settings: UserSettingsHolder(baseScanDirectory=, lastScanDate=1925-04-30T11:14:50, rescanEveryHours=null, maximumProjectDepth=6, excludedDirs=null, supportedTranslations=null, locale=, pythonPath=, gradlePath=, mavenPath=, jdkPath=, anacondaPath=, userRole=)
2025-04-30 11:14:51 INFO  o.n.p.s.settings.UserSettingsService - Saving settings: UserSettingsHolder(baseScanDirectory=C:\Users\Andrey, lastScanDate=1925-04-30T11:14:50.511966100, rescanEveryHours=null, maximumProjectDepth=6, excludedDirs=null, supportedTranslations=null, locale=null, pythonPath=null, gradlePath=null, mavenPath=null, jdkPath=null, anacondaPath=null, userRole=null)
2025-04-30 11:14:51 INFO  o.n.p.s.settings.UserSettingsService - Saving settings: UserSettingsHolder(baseScanDirectory=C:\Users\Andrey, lastScanDate=1925-04-30T11:14:50.511966100, rescanEveryHours=24, maximumProjectDepth=6, excludedDirs=null, supportedTranslations=null, locale=null, pythonPath=null, gradlePath=null, mavenPath=null, jdkPath=null, anacondaPath=null, userRole=null)
2025-04-30 11:14:51 INFO  o.n.p.s.settings.UserSettingsService - Saving settings: UserSettingsHolder(baseScanDirectory=C:\Users\Andrey, lastScanDate=1925-04-30T11:14:50.511966100, rescanEveryHours=24, maximumProjectDepth=6, excludedDirs=[OneDrive, AppData, miniconda3, cargo, .*], supportedTranslations=null, locale=null, pythonPath=null, gradlePath=null, mavenPath=null, jdkPath=null, anacondaPath=null, userRole=null)
2025-04-30 11:14:51 INFO  o.n.p.s.settings.UserSettingsService - Saving settings: UserSettingsHolder(baseScanDirectory=C:\Users\Andrey, lastScanDate=1925-04-30T11:14:50.511966100, rescanEveryHours=24, maximumProjectDepth=6, excludedDirs=[OneDrive, AppData, miniconda3, cargo, .*], supportedTranslations=[en, sk, ru], locale=null, pythonPath=null, gradlePath=null, mavenPath=null, jdkPath=null, anacondaPath=null, userRole=null)
2025-04-30 11:14:51 INFO  o.n.p.s.settings.UserSettingsService - Saving settings: UserSettingsHolder(baseScanDirectory=C:\Users\Andrey, lastScanDate=1925-04-30T11:14:50.511966100, rescanEveryHours=24, maximumProjectDepth=6, excludedDirs=[OneDrive, AppData, miniconda3, cargo, .*], supportedTranslations=[en, sk, ru], locale=en, pythonPath=null, gradlePath=null, mavenPath=null, jdkPath=null, anacondaPath=null, userRole=null)
2025-04-30 11:14:51 INFO  o.n.p.s.settings.UserSettingsService - Saving settings: UserSettingsHolder(baseScanDirectory=C:\Users\Andrey, lastScanDate=1925-04-30T11:14:50.511966100, rescanEveryHours=24, maximumProjectDepth=6, excludedDirs=[OneDrive, AppData, miniconda3, cargo, .*], supportedTranslations=[en, sk, ru], locale=en, pythonPath=, gradlePath=null, mavenPath=null, jdkPath=null, anacondaPath=null, userRole=null)
2025-04-30 11:14:51 INFO  o.n.p.s.settings.UserSettingsService - Saving settings: UserSettingsHolder(baseScanDirectory=C:\Users\Andrey, lastScanDate=1925-04-30T11:14:50.511966100, rescanEveryHours=24, maximumProjectDepth=6, excludedDirs=[OneDrive, AppData, miniconda3, cargo, .*], supportedTranslations=[en, sk, ru], locale=en, pythonPath=, gradlePath=, mavenPath=null, jdkPath=null, anacondaPath=null, userRole=null)
2025-04-30 11:14:51 INFO  o.n.p.s.settings.UserSettingsService - Saving settings: UserSettingsHolder(baseScanDirectory=C:\Users\Andrey, lastScanDate=1925-04-30T11:14:50.511966100, rescanEveryHours=24, maximumProjectDepth=6, excludedDirs=[OneDrive, AppData, miniconda3, cargo, .*], supportedTranslations=[en, sk, ru], locale=en, pythonPath=, gradlePath=, mavenPath=, jdkPath=null, anacondaPath=null, userRole=null)
2025-04-30 11:14:51 INFO  o.n.p.s.settings.UserSettingsService - Saving settings: UserSettingsHolder(baseScanDirectory=C:\Users\Andrey, lastScanDate=1925-04-30T11:14:50.511966100, rescanEveryHours=24, maximumProjectDepth=6, excludedDirs=[OneDrive, AppData, miniconda3, cargo, .*], supportedTranslations=[en, sk, ru], locale=en, pythonPath=, gradlePath=, mavenPath=, jdkPath=, anacondaPath=null, userRole=null)
2025-04-30 11:14:51 INFO  o.n.p.s.settings.UserSettingsService - Saving settings: UserSettingsHolder(baseScanDirectory=C:\Users\Andrey, lastScanDate=1925-04-30T11:14:50.511966100, rescanEveryHours=24, maximumProjectDepth=6, excludedDirs=[OneDrive, AppData, miniconda3, cargo, .*], supportedTranslations=[en, sk, ru], locale=en, pythonPath=, gradlePath=, mavenPath=, jdkPath=, anacondaPath=, userRole=null)
2025-04-30 11:14:51 INFO  o.n.p.s.settings.UserSettingsService - Using settings: UserSettingsHolder(baseScanDirectory=C:\Users\Andrey, lastScanDate=1925-04-30T11:14:50, rescanEveryHours=24, maximumProjectDepth=6, excludedDirs=[OneDrive, AppData, miniconda3, cargo, .*], supportedTranslations=[en, sk, ru], locale=en, pythonPath=, gradlePath=, mavenPath=, jdkPath=, anacondaPath=, userRole=common_user)
2025-04-30 11:14:51 INFO  com.zaxxer.hikari.HikariDataSource - HikariPool-1 - Starting...
2025-04-30 11:14:51 INFO  com.zaxxer.hikari.pool.HikariPool - HikariPool-1 - Added connection org.sqlite.jdbc4.JDBC4Connection@661e1399
2025-04-30 11:14:51 INFO  com.zaxxer.hikari.HikariDataSource - HikariPool-1 - Start completed.
2025-04-30 11:14:52 INFO  o.n.p.r.BasicRepositoryImplementationProvider - Executing query: SELECT id,title,type,path,is_manually_added,is_starred FROM projects
2025-04-30 11:14:52 INFO  o.n.p.r.BasicRepositoryImplementationProvider - Found 0 projects
2025-04-30 11:14:52 INFO  o.n.p.configuration.LogConfigurer - Logging configured to file: C:\Users\Andrey\Program Files\Prolific\logs\prolific-2025-04-30_11-14-52.log
2025-04-30 11:14:52 INFO  o.n.prolific.ProlificApplication - Started ProlificApplication in 5.152 seconds (process running for 6.059)
2025-04-30 11:14:52 WARN  javafx.css - CSS Error parsing jar:nested:/C:/Users/Andrey/Рабочий%20стол/Prolific/build/libs/Prolific-1.0.1.jar/!BOOT-INF/classes/!/css/styles.css: Expected '<font-family>' while parsing '-fx-font' at [589,14]
2025-04-30 11:14:53 INFO  o.n.p.s.settings.UserSettingsService - Saving settings: UserSettingsHolder(baseScanDirectory=C:\Users\Andrey, lastScanDate=1925-04-30T11:14:50, rescanEveryHours=24, maximumProjectDepth=6, excludedDirs=[OneDrive, AppData, miniconda3, cargo, .*], supportedTranslations=[en, sk, ru], locale=en, pythonPath=, gradlePath=, mavenPath=, jdkPath=, anacondaPath=, userRole=common_user)
2025-04-30 11:14:53 WARN  javafx.css - CSS Error parsing jar:nested:/C:/Users/Andrey/Рабочий%20стол/Prolific/build/libs/Prolific-1.0.1.jar/!BOOT-INF/classes/!/css/styles.css: Expected '<font-family>' while parsing '-fx-font' at [589,14]
2025-04-30 11:14:53 INFO  o.n.p.s.s.PeriodicalScanningService - Last scan date: 1925-04-30T11:14:50
2025-04-30 11:14:53 INFO  o.n.p.s.s.PeriodicalScanningService - Deleting projects that are not starred and not manually added
2025-04-30 11:14:53 INFO  o.n.p.s.s.PeriodicalScanningService - Scanning for projects in C:\Users\Andrey
2025-04-30 11:14:53 INFO  o.n.p.s.settings.UserSettingsService - Saving settings: UserSettingsHolder(baseScanDirectory=C:\Users\Andrey, lastScanDate=2025-04-30T11:14:53.961545400, rescanEveryHours=24, maximumProjectDepth=6, excludedDirs=[OneDrive, AppData, miniconda3, cargo, .*], supportedTranslations=[en, sk, ru], locale=en, pythonPath=, gradlePath=, mavenPath=, jdkPath=, anacondaPath=, userRole=common_user)
2025-04-30 11:14:53 INFO  o.n.p.s.s.ProjectScannerService - Scanning for projects in C:\Users\Andrey
2025-04-30 11:14:53 INFO  o.n.p.s.s.PeriodicalScanningService - Skipping base scan directory: C:\Users\Andrey
2025-04-30 11:14:54 INFO  o.n.p.r.BasicRepositoryImplementationProvider - Saved: Project(id=null, title=Tanks2D, type=Maven, path=C:\Users\Andrey\IdeaProjects\Tanks2D, isManuallyAdded=false, isStarred=false) with ID: 1
2025-04-30 11:14:54 INFO  o.n.p.r.BasicRepositoryImplementationProvider - Saved: Project(id=1, title=Tanks2D, type=Maven, path=C:\Users\Andrey\IdeaProjects\Tanks2D, isManuallyAdded=false, isStarred=false)
2025-04-30 11:14:54 INFO  o.n.p.r.BasicRepositoryImplementationProvider - Saved: Project(id=null, title=Prolific, type=Gradle, path=C:\Users\Andrey\Рабочий стол\Prolific, isManuallyAdded=false, isStarred=false) with ID: 2
2025-04-30 11:14:54 INFO  o.n.p.r.BasicRepositoryImplementationProvider - Saved: Project(id=2, title=Prolific, type=Gradle, path=C:\Users\Andrey\Рабочий стол\Prolific, isManuallyAdded=false, isStarred=false)
2025-04-30 11:14:54 INFO  o.n.prolific.aspect.MethodCaller - Called method onSave in bean ProjectsService for entity Project
2025-04-30 11:14:54 INFO  o.n.prolific.aspect.MethodCaller - Called method onSave in bean ProjectsService for entity Project
2025-04-30 11:14:54 INFO  o.n.prolific.aspect.MethodCaller - Called method onSave in bean ProjectsService for entity Project
2025-04-30 11:14:54 INFO  o.n.p.r.BasicRepositoryImplementationProvider - Saved: Project(id=null, title=projekt-andriixpopovych, type=Maven, path=C:\Users\Andrey\Рабочий стол\Studium\projekt-andriixpopovych, isManuallyAdded=false, isStarred=false) with ID: 3
2025-04-30 11:14:54 INFO  o.n.p.r.BasicRepositoryImplementationProvider - Saved: Project(id=3, title=projekt-andriixpopovych, type=Maven, path=C:\Users\Andrey\Рабочий стол\Studium\projekt-andriixpopovych, isManuallyAdded=false, isStarred=false)
2025-04-30 11:14:54 INFO  o.n.prolific.aspect.MethodCaller - Called method onSave in bean ProjectsService for entity Project
2025-04-30 11:14:55 INFO  o.n.p.r.BasicRepositoryImplementationProvider - Saved: Project(id=null, title=react-native, type=Gradle, path=C:\Users\Andrey\ReactNativeProjects\LingoLand\node_modules\react-native, isManuallyAdded=false, isStarred=false) with ID: 4
2025-04-30 11:14:55 INFO  o.n.p.r.BasicRepositoryImplementationProvider - Saved: Project(id=4, title=react-native, type=Gradle, path=C:\Users\Andrey\ReactNativeProjects\LingoLand\node_modules\react-native, isManuallyAdded=false, isStarred=false)
2025-04-30 11:14:55 INFO  o.n.prolific.aspect.MethodCaller - Called method onSave in bean ProjectsService for entity Project
2025-04-30 11:14:55 INFO  o.n.p.r.BasicRepositoryImplementationProvider - Saved: Project(id=null, title=react-native, type=Gradle, path=C:\Users\Andrey\WebstormProjects\AppKids\node_modules\react-native, isManuallyAdded=false, isStarred=false) with ID: 5
2025-04-30 11:14:55 INFO  o.n.p.r.BasicRepositoryImplementationProvider - Saved: Project(id=5, title=react-native, type=Gradle, path=C:\Users\Andrey\WebstormProjects\AppKids\node_modules\react-native, isManuallyAdded=false, isStarred=false)
2025-04-30 11:14:55 INFO  o.n.prolific.aspect.MethodCaller - Called method onSave in bean ProjectsService for entity Project
2025-04-30 11:14:56 INFO  o.n.p.s.s.ProjectScannerService - Scanning finished, found 5 projects
2025-04-30 11:17:16 INFO  o.n.p.j.HeaderController - Closing application
2025-04-30 11:17:16 INFO  com.zaxxer.hikari.HikariDataSource - HikariPool-1 - Shutdown initiated...
2025-04-30 11:17:16 INFO  com.zaxxer.hikari.HikariDataSource - HikariPool-1 - Shutdown completed.
2025-04-30 11:17:16 INFO  o.n.p.j.HeaderController - Application closed
2025-05-01 12:37:51 INFO  o.n.prolific.ProlificApplication - Starting ProlificApplication using Java 23.0.2 with PID 11700 (C:\Users\Andrey\Рабочий стол\Prolific\build\classes\java\main started by Andrey in C:\Users\Andrey\Рабочий стол\Prolific)
2025-05-01 12:37:51 INFO  o.n.prolific.ProlificApplication - No active profile set, falling back to 1 default profile: "default"
2025-05-01 12:37:52 INFO  o.n.p.s.settings.UserSettingsService - Loaded settings: UserSettingsHolder(baseScanDirectory=C:\Users\Andrey, lastScanDate=2025-04-30T11:14:53, rescanEveryHours=24, maximumProjectDepth=6, excludedDirs=[OneDrive, AppData, miniconda3, cargo, .*], supportedTranslations=[en, sk, ru], locale=en, pythonPath=, gradlePath=, mavenPath=, jdkPath=, anacondaPath=, userRole=common_user)
2025-05-01 12:37:52 INFO  o.n.p.s.settings.UserSettingsService - Saving settings: UserSettingsHolder(baseScanDirectory=null, lastScanDate=1925-05-01T12:37:52.404385200, rescanEveryHours=null, maximumProjectDepth=6, excludedDirs=null, supportedTranslations=null, locale=null, pythonPath=, gradlePath=null, mavenPath=null, jdkPath=null, anacondaPath=null, userRole=null)
2025-05-01 12:37:52 INFO  o.n.p.s.settings.UserSettingsService - Saving settings: UserSettingsHolder(baseScanDirectory=null, lastScanDate=1925-05-01T12:37:52.404385200, rescanEveryHours=null, maximumProjectDepth=6, excludedDirs=null, supportedTranslations=null, locale=null, pythonPath=, gradlePath=, mavenPath=null, jdkPath=null, anacondaPath=null, userRole=null)
2025-05-01 12:37:52 INFO  o.n.p.s.settings.UserSettingsService - Saving settings: UserSettingsHolder(baseScanDirectory=null, lastScanDate=1925-05-01T12:37:52.404385200, rescanEveryHours=null, maximumProjectDepth=6, excludedDirs=null, supportedTranslations=null, locale=null, pythonPath=, gradlePath=, mavenPath=, jdkPath=null, anacondaPath=null, userRole=null)
2025-05-01 12:37:52 INFO  o.n.p.s.settings.UserSettingsService - Saving settings: UserSettingsHolder(baseScanDirectory=null, lastScanDate=1925-05-01T12:37:52.404385200, rescanEveryHours=null, maximumProjectDepth=6, excludedDirs=null, supportedTranslations=null, locale=null, pythonPath=, gradlePath=, mavenPath=, jdkPath=, anacondaPath=null, userRole=null)
2025-05-01 12:37:52 INFO  o.n.p.s.settings.UserSettingsService - Saving settings: UserSettingsHolder(baseScanDirectory=null, lastScanDate=1925-05-01T12:37:52.404385200, rescanEveryHours=null, maximumProjectDepth=6, excludedDirs=null, supportedTranslations=null, locale=null, pythonPath=, gradlePath=, mavenPath=, jdkPath=, anacondaPath=, userRole=null)
2025-05-01 12:37:52 INFO  o.n.p.s.settings.UserSettingsService - Using settings: UserSettingsHolder(baseScanDirectory=C:\Users\Andrey, lastScanDate=2025-04-30T11:14:53, rescanEveryHours=24, maximumProjectDepth=6, excludedDirs=[OneDrive, AppData, miniconda3, cargo, .*], supportedTranslations=[en, sk, ru], locale=en, pythonPath=, gradlePath=, mavenPath=, jdkPath=, anacondaPath=, userRole=common_user)
2025-05-01 12:37:52 INFO  o.n.p.configuration.LogConfigurer - Logging configured to file: C:\Users\Andrey\Program Files\Prolific\logs\prolific-2025-05-01_12-37-52.log
2025-05-01 12:37:53 INFO  com.zaxxer.hikari.HikariDataSource - HikariPool-1 - Starting...
2025-05-01 12:37:53 INFO  com.zaxxer.hikari.pool.HikariPool - HikariPool-1 - Added connection org.sqlite.jdbc4.JDBC4Connection@5403907
2025-05-01 12:37:53 INFO  com.zaxxer.hikari.HikariDataSource - HikariPool-1 - Start completed.
2025-05-01 12:37:53 INFO  o.n.p.r.BasicRepositoryImplementationProvider - Executing query: SELECT id,title,type,path,is_manually_added,is_starred FROM projects
2025-05-01 12:37:53 INFO  o.n.p.r.BasicRepositoryImplementationProvider - Found: Project(id=1, title=Tanks2D, type=Maven, path=C:\Users\Andrey\IdeaProjects\Tanks2D, isManuallyAdded=false, isStarred=false)
2025-05-01 12:37:53 INFO  o.n.p.r.BasicRepositoryImplementationProvider - Found: Project(id=2, title=Prolific, type=Gradle, path=C:\Users\Andrey\Рабочий стол\Prolific, isManuallyAdded=false, isStarred=false)
2025-05-01 12:37:53 INFO  o.n.p.r.BasicRepositoryImplementationProvider - Found: Project(id=3, title=projekt-andriixpopovych, type=Maven, path=C:\Users\Andrey\Рабочий стол\Studium\projekt-andriixpopovych, isManuallyAdded=false, isStarred=false)
2025-05-01 12:37:53 INFO  o.n.p.r.BasicRepositoryImplementationProvider - Found: Project(id=4, title=react-native, type=Gradle, path=C:\Users\Andrey\ReactNativeProjects\LingoLand\node_modules\react-native, isManuallyAdded=false, isStarred=false)
2025-05-01 12:37:53 INFO  o.n.p.r.BasicRepositoryImplementationProvider - Found: Project(id=5, title=react-native, type=Gradle, path=C:\Users\Andrey\WebstormProjects\AppKids\node_modules\react-native, isManuallyAdded=false, isStarred=false)
2025-05-01 12:37:53 INFO  o.n.p.r.BasicRepositoryImplementationProvider - Found 5 projects
2025-05-01 12:37:54 INFO  o.n.prolific.ProlificApplication - Started ProlificApplication in 3.696 seconds (process running for 4.5)
2025-05-01 12:37:54 WARN  javafx.css - CSS Error parsing file:/C:/Users/Andrey/%d0%a0%d0%b0%d0%b1%d0%be%d1%87%d0%b8%d0%b9%20%d1%81%d1%82%d0%be%d0%bb/Prolific/build/resources/main/css/styles.css: Expected '<font-family>' while parsing '-fx-font' at [589,14]
2025-05-01 12:37:54 INFO  o.n.p.s.settings.UserSettingsService - Saving settings: UserSettingsHolder(baseScanDirectory=C:\Users\Andrey, lastScanDate=2025-04-30T11:14:53, rescanEveryHours=24, maximumProjectDepth=6, excludedDirs=[OneDrive, AppData, miniconda3, cargo, .*], supportedTranslations=[en, sk, ru], locale=en, pythonPath=, gradlePath=, mavenPath=, jdkPath=, anacondaPath=, userRole=common_user)
2025-05-01 12:37:54 WARN  javafx.css - CSS Error parsing file:/C:/Users/Andrey/%d0%a0%d0%b0%d0%b1%d0%be%d1%87%d0%b8%d0%b9%20%d1%81%d1%82%d0%be%d0%bb/Prolific/build/resources/main/css/styles.css: Expected '<font-family>' while parsing '-fx-font' at [589,14]
2025-05-01 12:37:55 INFO  o.n.p.s.s.PeriodicalScanningService - Last scan date: 2025-04-30T11:14:53
2025-05-01 12:37:55 INFO  o.n.p.s.s.PeriodicalScanningService - Deleting projects that are not starred and not manually added
2025-05-01 12:37:55 INFO  o.n.prolific.aspect.MethodCaller - Called method onDelete in bean ProjectsService for entity Project
2025-05-01 12:37:55 INFO  o.n.prolific.aspect.MethodCaller - Called method onDelete in bean ProjectsService for entity Project
2025-05-01 12:37:55 INFO  o.n.prolific.aspect.MethodCaller - Called method onDelete in bean ProjectsService for entity Project
2025-05-01 12:37:55 INFO  o.n.prolific.aspect.MethodCaller - Called method onDelete in bean ProjectsService for entity Project
2025-05-01 12:37:55 INFO  o.n.p.s.s.PeriodicalScanningService - Scanning for projects in C:\Users\Andrey
2025-05-01 12:37:55 INFO  o.n.prolific.aspect.MethodCaller - Called method onDelete in bean ProjectsService for entity Project
2025-05-01 12:37:55 INFO  o.n.p.s.settings.UserSettingsService - Saving settings: UserSettingsHolder(baseScanDirectory=C:\Users\Andrey, lastScanDate=2025-05-01T12:37:55.061297300, rescanEveryHours=24, maximumProjectDepth=6, excludedDirs=[OneDrive, AppData, miniconda3, cargo, .*], supportedTranslations=[en, sk, ru], locale=en, pythonPath=, gradlePath=, mavenPath=, jdkPath=, anacondaPath=, userRole=common_user)
2025-05-01 12:37:55 INFO  o.n.p.s.s.ProjectScannerService - Scanning for projects in C:\Users\Andrey
2025-05-01 12:37:55 INFO  o.n.p.s.s.PeriodicalScanningService - Skipping base scan directory: C:\Users\Andrey
2025-05-01 12:37:55 INFO  o.n.p.r.BasicRepositoryImplementationProvider - Saved: Project(id=null, title=Tanks2D, type=Maven, path=C:\Users\Andrey\IdeaProjects\Tanks2D, isManuallyAdded=false, isStarred=false) with ID: 6
2025-05-01 12:37:55 INFO  o.n.p.r.BasicRepositoryImplementationProvider - Saved: Project(id=6, title=Tanks2D, type=Maven, path=C:\Users\Andrey\IdeaProjects\Tanks2D, isManuallyAdded=false, isStarred=false)
2025-05-01 12:37:55 INFO  o.n.prolific.aspect.MethodCaller - Called method onSave in bean ProjectsService for entity Project
2025-05-01 12:37:55 INFO  o.n.p.r.BasicRepositoryImplementationProvider - Saved: Project(id=null, title=projekt-andriixpopovych, type=Maven, path=C:\Users\Andrey\Рабочий стол\projekt-andriixpopovych, isManuallyAdded=false, isStarred=false) with ID: 7
2025-05-01 12:37:55 INFO  o.n.p.r.BasicRepositoryImplementationProvider - Saved: Project(id=7, title=projekt-andriixpopovych, type=Maven, path=C:\Users\Andrey\Рабочий стол\projekt-andriixpopovych, isManuallyAdded=false, isStarred=false)
2025-05-01 12:37:55 INFO  o.n.prolific.aspect.MethodCaller - Called method onSave in bean ProjectsService for entity Project
2025-05-01 12:37:55 INFO  o.n.p.r.BasicRepositoryImplementationProvider - Saved: Project(id=null, title=Prolific, type=Gradle, path=C:\Users\Andrey\Рабочий стол\Prolific, isManuallyAdded=false, isStarred=false) with ID: 8
2025-05-01 12:37:55 INFO  o.n.p.r.BasicRepositoryImplementationProvider - Saved: Project(id=8, title=Prolific, type=Gradle, path=C:\Users\Andrey\Рабочий стол\Prolific, isManuallyAdded=false, isStarred=false)
2025-05-01 12:37:55 INFO  o.n.prolific.aspect.MethodCaller - Called method onSave in bean ProjectsService for entity Project
2025-05-01 12:37:55 INFO  o.n.prolific.aspect.MethodCaller - Called method onSave in bean ProjectsService for entity Project
2025-05-01 12:37:55 INFO  o.n.p.r.BasicRepositoryImplementationProvider - Saved: Project(id=null, title=projekt-andriixpopovych, type=Maven, path=C:\Users\Andrey\Рабочий стол\Studium\projekt-andriixpopovych, isManuallyAdded=false, isStarred=false) with ID: 9
2025-05-01 12:37:55 INFO  o.n.p.r.BasicRepositoryImplementationProvider - Saved: Project(id=9, title=projekt-andriixpopovych, type=Maven, path=C:\Users\Andrey\Рабочий стол\Studium\projekt-andriixpopovych, isManuallyAdded=false, isStarred=false)
2025-05-01 12:37:55 INFO  o.n.prolific.aspect.MethodCaller - Called method onSave in bean ProjectsService for entity Project
2025-05-01 12:37:55 INFO  o.n.p.r.BasicRepositoryImplementationProvider - Saved: Project(id=null, title=react-native, type=Gradle, path=C:\Users\Andrey\ReactNativeProjects\LingoLand\node_modules\react-native, isManuallyAdded=false, isStarred=false) with ID: 10
2025-05-01 12:37:55 INFO  o.n.p.r.BasicRepositoryImplementationProvider - Saved: Project(id=10, title=react-native, type=Gradle, path=C:\Users\Andrey\ReactNativeProjects\LingoLand\node_modules\react-native, isManuallyAdded=false, isStarred=false)
2025-05-01 12:37:55 INFO  o.n.prolific.aspect.MethodCaller - Called method onSave in bean ProjectsService for entity Project
2025-05-01 12:37:55 INFO  o.n.p.r.BasicRepositoryImplementationProvider - Saved: Project(id=null, title=react-native, type=Gradle, path=C:\Users\Andrey\WebstormProjects\AppKids\node_modules\react-native, isManuallyAdded=false, isStarred=false) with ID: 11
2025-05-01 12:37:55 INFO  o.n.p.r.BasicRepositoryImplementationProvider - Saved: Project(id=11, title=react-native, type=Gradle, path=C:\Users\Andrey\WebstormProjects\AppKids\node_modules\react-native, isManuallyAdded=false, isStarred=false)
2025-05-01 12:37:55 INFO  o.n.prolific.aspect.MethodCaller - Called method onSave in bean ProjectsService for entity Project
2025-05-01 12:37:56 INFO  o.n.p.s.s.ProjectScannerService - Scanning finished, found 6 projects
2025-05-01 13:14:16 WARN  o.s.b.f.s.DisposableBeanAdapter - Custom destroy method 'close' on bean with name 'configsStage' propagated an exception: java.lang.IllegalStateException: Not on FX application thread; currentThread = SpringApplicationShutdownHook
2025-05-01 13:14:16 WARN  o.s.b.f.s.DisposableBeanAdapter - Custom destroy method 'close' on bean with name 'settingsStage' propagated an exception: java.lang.IllegalStateException: Not on FX application thread; currentThread = SpringApplicationShutdownHook
2025-05-01 13:14:16 INFO  com.zaxxer.hikari.HikariDataSource - HikariPool-1 - Shutdown initiated...
2025-05-01 13:14:16 INFO  com.zaxxer.hikari.HikariDataSource - HikariPool-1 - Shutdown completed.
2025-05-01 13:14:23 INFO  o.n.prolific.ProlificApplication - Starting ProlificApplication using Java 23.0.2 with PID 21944 (C:\Users\Andrey\Рабочий стол\Prolific\build\classes\java\main started by Andrey in C:\Users\Andrey\Рабочий стол\Prolific)
2025-05-01 13:14:23 INFO  o.n.prolific.ProlificApplication - No active profile set, falling back to 1 default profile: "default"
2025-05-01 13:14:24 INFO  o.n.p.s.settings.UserSettingsService - Loaded settings: UserSettingsHolder(baseScanDirectory=C:\Users\Andrey, lastScanDate=2025-05-01T12:37:55, rescanEveryHours=24, maximumProjectDepth=6, excludedDirs=[OneDrive, AppData, miniconda3, cargo, .*], supportedTranslations=[en, sk, ru], locale=en, pythonPath=, gradlePath=, mavenPath=, jdkPath=, anacondaPath=, userRole=common_user)
2025-05-01 13:14:24 INFO  o.n.p.s.settings.UserSettingsService - Saving settings: UserSettingsHolder(baseScanDirectory=null, lastScanDate=1925-05-01T13:14:23.961290700, rescanEveryHours=null, maximumProjectDepth=6, excludedDirs=null, supportedTranslations=null, locale=null, pythonPath=, gradlePath=null, mavenPath=null, jdkPath=null, anacondaPath=null, userRole=null)
2025-05-01 13:14:24 INFO  o.n.p.s.settings.UserSettingsService - Saving settings: UserSettingsHolder(baseScanDirectory=null, lastScanDate=1925-05-01T13:14:23.961290700, rescanEveryHours=null, maximumProjectDepth=6, excludedDirs=null, supportedTranslations=null, locale=null, pythonPath=, gradlePath=, mavenPath=null, jdkPath=null, anacondaPath=null, userRole=null)
2025-05-01 13:14:24 INFO  o.n.p.s.settings.UserSettingsService - Saving settings: UserSettingsHolder(baseScanDirectory=null, lastScanDate=1925-05-01T13:14:23.961290700, rescanEveryHours=null, maximumProjectDepth=6, excludedDirs=null, supportedTranslations=null, locale=null, pythonPath=, gradlePath=, mavenPath=, jdkPath=null, anacondaPath=null, userRole=null)
2025-05-01 13:14:24 INFO  o.n.p.s.settings.UserSettingsService - Saving settings: UserSettingsHolder(baseScanDirectory=null, lastScanDate=1925-05-01T13:14:23.961290700, rescanEveryHours=null, maximumProjectDepth=6, excludedDirs=null, supportedTranslations=null, locale=null, pythonPath=, gradlePath=, mavenPath=, jdkPath=, anacondaPath=null, userRole=null)
2025-05-01 13:14:24 INFO  o.n.p.s.settings.UserSettingsService - Saving settings: UserSettingsHolder(baseScanDirectory=null, lastScanDate=1925-05-01T13:14:23.961290700, rescanEveryHours=null, maximumProjectDepth=6, excludedDirs=null, supportedTranslations=null, locale=null, pythonPath=, gradlePath=, mavenPath=, jdkPath=, anacondaPath=, userRole=null)
2025-05-01 13:14:24 INFO  o.n.p.s.settings.UserSettingsService - Using settings: UserSettingsHolder(baseScanDirectory=C:\Users\Andrey, lastScanDate=2025-05-01T12:37:55, rescanEveryHours=24, maximumProjectDepth=6, excludedDirs=[OneDrive, AppData, miniconda3, cargo, .*], supportedTranslations=[en, sk, ru], locale=en, pythonPath=, gradlePath=, mavenPath=, jdkPath=, anacondaPath=, userRole=common_user)
2025-05-01 13:14:24 INFO  o.n.p.configuration.LogConfigurer - Logging configured to file: C:\Users\Andrey\Program Files\Prolific\logs\prolific-2025-05-01_13-14-24.log
2025-05-01 13:14:24 INFO  com.zaxxer.hikari.HikariDataSource - HikariPool-1 - Starting...
2025-05-01 13:14:24 INFO  com.zaxxer.hikari.pool.HikariPool - HikariPool-1 - Added connection org.sqlite.jdbc4.JDBC4Connection@7ce29a2d
2025-05-01 13:14:24 INFO  com.zaxxer.hikari.HikariDataSource - HikariPool-1 - Start completed.
2025-05-01 13:14:25 INFO  o.n.p.r.BasicRepositoryImplementationProvider - Executing query: SELECT id,title,type,path,is_manually_added,is_starred FROM projects
2025-05-01 13:14:25 INFO  o.n.p.r.BasicRepositoryImplementationProvider - Found: Project(id=6, title=Tanks2D, type=Maven, path=C:\Users\Andrey\IdeaProjects\Tanks2D, isManuallyAdded=false, isStarred=false)
2025-05-01 13:14:25 INFO  o.n.p.r.BasicRepositoryImplementationProvider - Found: Project(id=7, title=projekt-andriixpopovych, type=Maven, path=C:\Users\Andrey\Рабочий стол\projekt-andriixpopovych, isManuallyAdded=false, isStarred=false)
2025-05-01 13:14:25 INFO  o.n.p.r.BasicRepositoryImplementationProvider - Found: Project(id=8, title=Prolific, type=Gradle, path=C:\Users\Andrey\Рабочий стол\Prolific, isManuallyAdded=false, isStarred=false)
2025-05-01 13:14:25 INFO  o.n.p.r.BasicRepositoryImplementationProvider - Found: Project(id=9, title=projekt-andriixpopovych, type=Maven, path=C:\Users\Andrey\Рабочий стол\Studium\projekt-andriixpopovych, isManuallyAdded=false, isStarred=false)
2025-05-01 13:14:25 INFO  o.n.p.r.BasicRepositoryImplementationProvider - Found: Project(id=10, title=react-native, type=Gradle, path=C:\Users\Andrey\ReactNativeProjects\LingoLand\node_modules\react-native, isManuallyAdded=false, isStarred=false)
2025-05-01 13:14:25 INFO  o.n.p.r.BasicRepositoryImplementationProvider - Found: Project(id=11, title=react-native, type=Gradle, path=C:\Users\Andrey\WebstormProjects\AppKids\node_modules\react-native, isManuallyAdded=false, isStarred=false)
2025-05-01 13:14:25 INFO  o.n.p.r.BasicRepositoryImplementationProvider - Found 6 projects
2025-05-01 13:14:25 INFO  o.n.prolific.ProlificApplication - Started ProlificApplication in 3.345 seconds (process running for 4.043)
2025-05-01 13:14:25 WARN  javafx.css - CSS Error parsing file:/C:/Users/Andrey/%d0%a0%d0%b0%d0%b1%d0%be%d1%87%d0%b8%d0%b9%20%d1%81%d1%82%d0%be%d0%bb/Prolific/build/resources/main/css/styles.css: Expected '<font-family>' while parsing '-fx-font' at [589,14]
2025-05-01 13:14:25 INFO  o.n.p.s.settings.UserSettingsService - Saving settings: UserSettingsHolder(baseScanDirectory=C:\Users\Andrey, lastScanDate=2025-05-01T12:37:55, rescanEveryHours=24, maximumProjectDepth=6, excludedDirs=[OneDrive, AppData, miniconda3, cargo, .*], supportedTranslations=[en, sk, ru], locale=en, pythonPath=, gradlePath=, mavenPath=, jdkPath=, anacondaPath=, userRole=common_user)
2025-05-01 13:14:26 WARN  javafx.css - CSS Error parsing file:/C:/Users/Andrey/%d0%a0%d0%b0%d0%b1%d0%be%d1%87%d0%b8%d0%b9%20%d1%81%d1%82%d0%be%d0%bb/Prolific/build/resources/main/css/styles.css: Expected '<font-family>' while parsing '-fx-font' at [589,14]
2025-05-01 13:14:26 INFO  o.n.p.s.s.PeriodicalScanningService - Last scan date: 2025-05-01T12:37:55
2025-05-01 13:14:31 WARN  o.s.b.f.s.DisposableBeanAdapter - Custom destroy method 'close' on bean with name 'configsStage' propagated an exception: java.lang.IllegalStateException: Not on FX application thread; currentThread = SpringApplicationShutdownHook
2025-05-01 13:14:31 WARN  o.s.b.f.s.DisposableBeanAdapter - Custom destroy method 'close' on bean with name 'settingsStage' propagated an exception: java.lang.IllegalStateException: Not on FX application thread; currentThread = SpringApplicationShutdownHook
2025-05-01 13:14:31 INFO  com.zaxxer.hikari.HikariDataSource - HikariPool-1 - Shutdown initiated...
2025-05-01 13:14:31 INFO  com.zaxxer.hikari.HikariDataSource - HikariPool-1 - Shutdown completed.
2025-05-01 13:14:46 INFO  o.n.prolific.ProlificApplication - Starting ProlificApplication using Java 23.0.2 with PID 12060 (C:\Users\Andrey\Рабочий стол\Prolific\build\classes\java\main started by Andrey in C:\Users\Andrey\Рабочий стол\Prolific)
2025-05-01 13:14:46 INFO  o.n.prolific.ProlificApplication - No active profile set, falling back to 1 default profile: "default"
2025-05-01 13:14:47 INFO  o.n.p.s.settings.UserSettingsService - Loaded settings: UserSettingsHolder(baseScanDirectory=C:\Users\Andrey, lastScanDate=2025-05-01T12:37:55, rescanEveryHours=24, maximumProjectDepth=6, excludedDirs=[OneDrive, AppData, miniconda3, cargo, .*], supportedTranslations=[en, sk, ru], locale=en, pythonPath=, gradlePath=, mavenPath=, jdkPath=, anacondaPath=, userRole=common_user)
2025-05-01 13:14:47 INFO  o.n.p.s.settings.UserSettingsService - Saving settings: UserSettingsHolder(baseScanDirectory=null, lastScanDate=1925-05-01T13:14:47.277855500, rescanEveryHours=null, maximumProjectDepth=6, excludedDirs=null, supportedTranslations=null, locale=null, pythonPath=, gradlePath=null, mavenPath=null, jdkPath=null, anacondaPath=null, userRole=null)
2025-05-01 13:14:47 INFO  o.n.p.s.settings.UserSettingsService - Saving settings: UserSettingsHolder(baseScanDirectory=null, lastScanDate=1925-05-01T13:14:47.277855500, rescanEveryHours=null, maximumProjectDepth=6, excludedDirs=null, supportedTranslations=null, locale=null, pythonPath=, gradlePath=, mavenPath=null, jdkPath=null, anacondaPath=null, userRole=null)
2025-05-01 13:14:47 INFO  o.n.p.s.settings.UserSettingsService - Saving settings: UserSettingsHolder(baseScanDirectory=null, lastScanDate=1925-05-01T13:14:47.277855500, rescanEveryHours=null, maximumProjectDepth=6, excludedDirs=null, supportedTranslations=null, locale=null, pythonPath=, gradlePath=, mavenPath=, jdkPath=null, anacondaPath=null, userRole=null)
2025-05-01 13:14:47 INFO  o.n.p.s.settings.UserSettingsService - Saving settings: UserSettingsHolder(baseScanDirectory=null, lastScanDate=1925-05-01T13:14:47.277855500, rescanEveryHours=null, maximumProjectDepth=6, excludedDirs=null, supportedTranslations=null, locale=null, pythonPath=, gradlePath=, mavenPath=, jdkPath=, anacondaPath=null, userRole=null)
2025-05-01 13:14:47 INFO  o.n.p.s.settings.UserSettingsService - Saving settings: UserSettingsHolder(baseScanDirectory=null, lastScanDate=1925-05-01T13:14:47.277855500, rescanEveryHours=null, maximumProjectDepth=6, excludedDirs=null, supportedTranslations=null, locale=null, pythonPath=, gradlePath=, mavenPath=, jdkPath=, anacondaPath=, userRole=null)
2025-05-01 13:14:47 INFO  o.n.p.s.settings.UserSettingsService - Using settings: UserSettingsHolder(baseScanDirectory=C:\Users\Andrey, lastScanDate=2025-05-01T12:37:55, rescanEveryHours=24, maximumProjectDepth=6, excludedDirs=[OneDrive, AppData, miniconda3, cargo, .*], supportedTranslations=[en, sk, ru], locale=en, pythonPath=, gradlePath=, mavenPath=, jdkPath=, anacondaPath=, userRole=common_user)
2025-05-01 13:14:47 INFO  o.n.p.configuration.LogConfigurer - Logging configured to file: C:\Users\Andrey\Program Files\Prolific\logs\prolific-2025-05-01_13-14-47.log
2025-05-01 13:14:48 INFO  com.zaxxer.hikari.HikariDataSource - HikariPool-1 - Starting...
2025-05-01 13:14:48 INFO  com.zaxxer.hikari.pool.HikariPool - HikariPool-1 - Added connection org.sqlite.jdbc4.JDBC4Connection@656c5c3
2025-05-01 13:14:48 INFO  com.zaxxer.hikari.HikariDataSource - HikariPool-1 - Start completed.
2025-05-01 13:14:48 INFO  o.n.p.r.BasicRepositoryImplementationProvider - Executing query: SELECT id,title,type,path,is_manually_added,is_starred FROM projects
2025-05-01 13:14:48 INFO  o.n.p.r.BasicRepositoryImplementationProvider - Found: Project(id=6, title=Tanks2D, type=Maven, path=C:\Users\Andrey\IdeaProjects\Tanks2D, isManuallyAdded=false, isStarred=false)
2025-05-01 13:14:48 INFO  o.n.p.r.BasicRepositoryImplementationProvider - Found: Project(id=7, title=projekt-andriixpopovych, type=Maven, path=C:\Users\Andrey\Рабочий стол\projekt-andriixpopovych, isManuallyAdded=false, isStarred=false)
2025-05-01 13:14:48 INFO  o.n.p.r.BasicRepositoryImplementationProvider - Found: Project(id=8, title=Prolific, type=Gradle, path=C:\Users\Andrey\Рабочий стол\Prolific, isManuallyAdded=false, isStarred=false)
2025-05-01 13:14:48 INFO  o.n.p.r.BasicRepositoryImplementationProvider - Found: Project(id=9, title=projekt-andriixpopovych, type=Maven, path=C:\Users\Andrey\Рабочий стол\Studium\projekt-andriixpopovych, isManuallyAdded=false, isStarred=false)
2025-05-01 13:14:48 INFO  o.n.p.r.BasicRepositoryImplementationProvider - Found: Project(id=10, title=react-native, type=Gradle, path=C:\Users\Andrey\ReactNativeProjects\LingoLand\node_modules\react-native, isManuallyAdded=false, isStarred=false)
2025-05-01 13:14:48 INFO  o.n.p.r.BasicRepositoryImplementationProvider - Found: Project(id=11, title=react-native, type=Gradle, path=C:\Users\Andrey\WebstormProjects\AppKids\node_modules\react-native, isManuallyAdded=false, isStarred=false)
2025-05-01 13:14:48 INFO  o.n.p.r.BasicRepositoryImplementationProvider - Found 6 projects
2025-05-01 13:14:48 INFO  o.n.prolific.ProlificApplication - Started ProlificApplication in 3.097 seconds (process running for 3.722)
2025-05-01 13:14:49 WARN  javafx.css - CSS Error parsing file:/C:/Users/Andrey/%d0%a0%d0%b0%d0%b1%d0%be%d1%87%d0%b8%d0%b9%20%d1%81%d1%82%d0%be%d0%bb/Prolific/build/resources/main/css/styles.css: Expected '<font-family>' while parsing '-fx-font' at [589,14]
2025-05-01 13:14:49 INFO  o.n.p.s.settings.UserSettingsService - Saving settings: UserSettingsHolder(baseScanDirectory=C:\Users\Andrey, lastScanDate=2025-05-01T12:37:55, rescanEveryHours=24, maximumProjectDepth=6, excludedDirs=[OneDrive, AppData, miniconda3, cargo, .*], supportedTranslations=[en, sk, ru], locale=en, pythonPath=, gradlePath=, mavenPath=, jdkPath=, anacondaPath=, userRole=common_user)
2025-05-01 13:14:49 WARN  javafx.css - CSS Error parsing file:/C:/Users/Andrey/%d0%a0%d0%b0%d0%b1%d0%be%d1%87%d0%b8%d0%b9%20%d1%81%d1%82%d0%be%d0%bb/Prolific/build/resources/main/css/styles.css: Expected '<font-family>' while parsing '-fx-font' at [589,14]
2025-05-01 13:14:49 INFO  o.n.p.s.s.PeriodicalScanningService - Last scan date: 2025-05-01T12:37:55
2025-05-01 13:14:54 INFO  o.n.p.j.HeaderController - Closing application
2025-05-01 13:14:54 INFO  com.zaxxer.hikari.HikariDataSource - HikariPool-1 - Shutdown initiated...
2025-05-01 13:14:54 INFO  com.zaxxer.hikari.HikariDataSource - HikariPool-1 - Shutdown completed.
2025-05-01 13:14:54 INFO  o.n.p.j.HeaderController - Application closed
2025-05-01 13:15:27 INFO  o.n.prolific.ProlificApplication - Starting ProlificApplication using Java 23.0.2 with PID 10332 (C:\Users\Andrey\Рабочий стол\Prolific\build\classes\java\main started by Andrey in C:\Users\Andrey\Рабочий стол\Prolific)
2025-05-01 13:15:27 INFO  o.n.prolific.ProlificApplication - No active profile set, falling back to 1 default profile: "default"
2025-05-01 13:15:28 INFO  o.n.p.s.settings.UserSettingsService - Loaded settings: UserSettingsHolder(baseScanDirectory=C:\Users\Andrey, lastScanDate=2025-05-01T12:37:55, rescanEveryHours=24, maximumProjectDepth=6, excludedDirs=[OneDrive, AppData, miniconda3, cargo, .*], supportedTranslations=[en, sk, ru], locale=en, pythonPath=, gradlePath=, mavenPath=, jdkPath=, anacondaPath=, userRole=common_user)
2025-05-01 13:15:28 INFO  o.n.p.s.settings.UserSettingsService - Saving settings: UserSettingsHolder(baseScanDirectory=null, lastScanDate=1925-05-01T13:15:28.461637600, rescanEveryHours=null, maximumProjectDepth=6, excludedDirs=null, supportedTranslations=null, locale=null, pythonPath=, gradlePath=null, mavenPath=null, jdkPath=null, anacondaPath=null, userRole=null)
2025-05-01 13:15:28 INFO  o.n.p.s.settings.UserSettingsService - Saving settings: UserSettingsHolder(baseScanDirectory=null, lastScanDate=1925-05-01T13:15:28.461637600, rescanEveryHours=null, maximumProjectDepth=6, excludedDirs=null, supportedTranslations=null, locale=null, pythonPath=, gradlePath=, mavenPath=null, jdkPath=null, anacondaPath=null, userRole=null)
2025-05-01 13:15:28 INFO  o.n.p.s.settings.UserSettingsService - Saving settings: UserSettingsHolder(baseScanDirectory=null, lastScanDate=1925-05-01T13:15:28.461637600, rescanEveryHours=null, maximumProjectDepth=6, excludedDirs=null, supportedTranslations=null, locale=null, pythonPath=, gradlePath=, mavenPath=, jdkPath=null, anacondaPath=null, userRole=null)
2025-05-01 13:15:28 INFO  o.n.p.s.settings.UserSettingsService - Saving settings: UserSettingsHolder(baseScanDirectory=null, lastScanDate=1925-05-01T13:15:28.461637600, rescanEveryHours=null, maximumProjectDepth=6, excludedDirs=null, supportedTranslations=null, locale=null, pythonPath=, gradlePath=, mavenPath=, jdkPath=, anacondaPath=null, userRole=null)
2025-05-01 13:15:28 INFO  o.n.p.s.settings.UserSettingsService - Saving settings: UserSettingsHolder(baseScanDirectory=null, lastScanDate=1925-05-01T13:15:28.461637600, rescanEveryHours=null, maximumProjectDepth=6, excludedDirs=null, supportedTranslations=null, locale=null, pythonPath=, gradlePath=, mavenPath=, jdkPath=, anacondaPath=, userRole=null)
2025-05-01 13:15:28 INFO  o.n.p.s.settings.UserSettingsService - Using settings: UserSettingsHolder(baseScanDirectory=C:\Users\Andrey, lastScanDate=2025-05-01T12:37:55, rescanEveryHours=24, maximumProjectDepth=6, excludedDirs=[OneDrive, AppData, miniconda3, cargo, .*], supportedTranslations=[en, sk, ru], locale=en, pythonPath=, gradlePath=, mavenPath=, jdkPath=, anacondaPath=, userRole=common_user)
2025-05-01 13:15:28 INFO  o.n.p.configuration.LogConfigurer - Logging configured to file: C:\Users\Andrey\Program Files\Prolific\logs\prolific-2025-05-01_13-15-28.log
2025-05-01 13:15:29 INFO  com.zaxxer.hikari.HikariDataSource - HikariPool-1 - Starting...
2025-05-01 13:15:29 INFO  com.zaxxer.hikari.pool.HikariPool - HikariPool-1 - Added connection org.sqlite.jdbc4.JDBC4Connection@552fee7a
2025-05-01 13:15:29 INFO  com.zaxxer.hikari.HikariDataSource - HikariPool-1 - Start completed.
2025-05-01 13:15:29 INFO  o.n.p.r.BasicRepositoryImplementationProvider - Executing query: SELECT id,title,type,path,is_manually_added,is_starred FROM projects
2025-05-01 13:15:29 INFO  o.n.p.r.BasicRepositoryImplementationProvider - Found: Project(id=6, title=Tanks2D, type=Maven, path=C:\Users\Andrey\IdeaProjects\Tanks2D, isManuallyAdded=false, isStarred=false)
2025-05-01 13:15:29 INFO  o.n.p.r.BasicRepositoryImplementationProvider - Found: Project(id=7, title=projekt-andriixpopovych, type=Maven, path=C:\Users\Andrey\Рабочий стол\projekt-andriixpopovych, isManuallyAdded=false, isStarred=false)
2025-05-01 13:15:29 INFO  o.n.p.r.BasicRepositoryImplementationProvider - Found: Project(id=8, title=Prolific, type=Gradle, path=C:\Users\Andrey\Рабочий стол\Prolific, isManuallyAdded=false, isStarred=false)
2025-05-01 13:15:29 INFO  o.n.p.r.BasicRepositoryImplementationProvider - Found: Project(id=9, title=projekt-andriixpopovych, type=Maven, path=C:\Users\Andrey\Рабочий стол\Studium\projekt-andriixpopovych, isManuallyAdded=false, isStarred=false)
2025-05-01 13:15:29 INFO  o.n.p.r.BasicRepositoryImplementationProvider - Found: Project(id=10, title=react-native, type=Gradle, path=C:\Users\Andrey\ReactNativeProjects\LingoLand\node_modules\react-native, isManuallyAdded=false, isStarred=false)
2025-05-01 13:15:29 INFO  o.n.p.r.BasicRepositoryImplementationProvider - Found: Project(id=11, title=react-native, type=Gradle, path=C:\Users\Andrey\WebstormProjects\AppKids\node_modules\react-native, isManuallyAdded=false, isStarred=false)
2025-05-01 13:15:29 INFO  o.n.p.r.BasicRepositoryImplementationProvider - Found 6 projects
2025-05-01 13:15:30 INFO  o.n.prolific.ProlificApplication - Started ProlificApplication in 3.084 seconds (process running for 3.74)
2025-05-01 13:15:30 WARN  javafx.css - CSS Error parsing file:/C:/Users/Andrey/%d0%a0%d0%b0%d0%b1%d0%be%d1%87%d0%b8%d0%b9%20%d1%81%d1%82%d0%be%d0%bb/Prolific/build/resources/main/css/styles.css: Expected '<font-family>' while parsing '-fx-font' at [589,14]
2025-05-01 13:15:30 INFO  o.n.p.s.settings.UserSettingsService - Saving settings: UserSettingsHolder(baseScanDirectory=C:\Users\Andrey, lastScanDate=2025-05-01T12:37:55, rescanEveryHours=24, maximumProjectDepth=6, excludedDirs=[OneDrive, AppData, miniconda3, cargo, .*], supportedTranslations=[en, sk, ru], locale=en, pythonPath=, gradlePath=, mavenPath=, jdkPath=, anacondaPath=, userRole=common_user)
2025-05-01 13:15:30 WARN  javafx.css - CSS Error parsing file:/C:/Users/Andrey/%d0%a0%d0%b0%d0%b1%d0%be%d1%87%d0%b8%d0%b9%20%d1%81%d1%82%d0%be%d0%bb/Prolific/build/resources/main/css/styles.css: Expected '<font-family>' while parsing '-fx-font' at [589,14]
2025-05-01 13:15:30 INFO  o.n.p.s.s.PeriodicalScanningService - Last scan date: 2025-05-01T12:37:55
2025-05-01 13:15:52 WARN  o.s.b.f.s.DisposableBeanAdapter - Custom destroy method 'close' on bean with name 'configsStage' propagated an exception: java.lang.IllegalStateException: Not on FX application thread; currentThread = SpringApplicationShutdownHook
2025-05-01 13:15:52 WARN  o.s.b.f.s.DisposableBeanAdapter - Custom destroy method 'close' on bean with name 'settingsStage' propagated an exception: java.lang.IllegalStateException: Not on FX application thread; currentThread = SpringApplicationShutdownHook
2025-05-01 13:15:52 INFO  com.zaxxer.hikari.HikariDataSource - HikariPool-1 - Shutdown initiated...
2025-05-01 13:15:52 INFO  com.zaxxer.hikari.HikariDataSource - HikariPool-1 - Shutdown completed.
